The system is: Linux - 5.15.72-un-def-alt1 - x86_64
Compiling the C compiler identification source file "CMakeCCompilerId.c" succeeded.
Compiler: /usr/bin/gcc 
Build flags: 
Id flags:  

The output was:
0


Compilation of the C compiler identification source "CMakeCCompilerId.c" produced "a.out"

The C compiler identification is GNU, found in "/home/nikita/Рабочий стол/projectgit/DIPLOM/build/CMakeFiles/3.20.5/CompilerIdC/a.out"

Detecting C compiler ABI info compiled with the following output:
Change Dir: /home/nikita/Рабочий стол/projectgit/DIPLOM/build/CMakeFiles/CMakeTmp

Run Build Command(s):/usr/bin/gmake -f Makefile cmTC_4e41a/fast && /usr/bin/gmake  -f CMakeFiles/cmTC_4e41a.dir/build.make CMakeFiles/cmTC_4e41a.dir/build
gmake[1]: Entering directory '/home/nikita/Рабочий стол/projectgit/DIPLOM/build/CMakeFiles/CMakeTmp'
Building C object CMakeFiles/cmTC_4e41a.dir/CMakeCCompilerABI.c.o
/usr/bin/gcc   -v -o CMakeFiles/cmTC_4e41a.dir/CMakeCCompilerABI.c.o -c /usr/share/cmake/Modules/CMakeCCompilerABI.c
Using built-in specs.
COLLECT_GCC=x86_64-alt-linux-gcc
Target: x86_64-alt-linux
Configured with: ../configure --host=x86_64-alt-linux --build=x86_64-alt-linux --target=x86_64-alt-linux --prefix=/usr --exec-prefix=/usr --bindir=/usr/bin --sbindir=/usr/sbin --sysconfdir=/etc --datadir=/usr/share --includedir=/usr/include --libdir=/usr/lib64 --libexecdir=/usr/libexec --localstatedir=/var/lib --sharedstatedir=/var/lib --mandir=/usr/share/man --infodir=/usr/share/info --disable-dependency-tracking --disable-silent-rules --without-included-gettext --enable-shared --program-suffix=-10 --with-slibdir=/lib64 --with-bugurl=http://bugzilla.altlinux.org --enable-__cxa_atexit --enable-threads=posix --enable-checking=release --with-system-zlib --without-included-gettext --enable-multilib --enable-default-pie --enable-gnu-unique-object --enable-linker-build-id --with-linker-hash-style=gnu --with-arch_32=i586 --with-tune_32=generic --with-multilib-list=m64,m32,mx32 --with-gcc-major-version-only --enable-vtable-verify --enable-bootstrap --enable-languages=c,c++,fortran,objc,obj-c++,ada,go,d,lto --enable-plugin
Thread model: posix
Supported LTO compression algorithms: zlib
gcc version 10.3.1 20210703 (ALT Sisyphus 10.3.1-alt2) (GCC) 
COLLECT_GCC_OPTIONS='-v' '-o' 'CMakeFiles/cmTC_4e41a.dir/CMakeCCompilerABI.c.o' '-c' '-mtune=generic' '-march=x86-64'
 /usr/libexec/gcc/x86_64-alt-linux/10/cc1 -quiet -v /usr/share/cmake/Modules/CMakeCCompilerABI.c -fstack-protector-strong -fstack-clash-protection -quiet -dumpbase CMakeCCompilerABI.c -mtune=generic -march=x86-64 -auxbase-strip CMakeFiles/cmTC_4e41a.dir/CMakeCCompilerABI.c.o -version -o /tmp/.private/nikita/ccTcUmDX.s
GNU C17 (GCC) version 10.3.1 20210703 (ALT Sisyphus 10.3.1-alt2) (x86_64-alt-linux)
	compiled by GNU C version 10.3.1 20210703 (ALT Sisyphus 10.3.1-alt2), GMP version 6.2.1, MPFR version 4.1.0, MPC version 1.2.1, isl version none
GGC heuristics: --param ggc-min-expand=100 --param ggc-min-heapsize=131072
ignoring nonexistent directory "/usr/lib64/gcc/x86_64-alt-linux/10/include-fixed"
ignoring nonexistent directory "/usr/lib64/gcc/x86_64-alt-linux/10/../../../../x86_64-alt-linux/include"
#include "..." search starts here:
#include <...> search starts here:
 /usr/lib64/gcc/x86_64-alt-linux/10/include
 /usr/local/include
 /usr/include
End of search list.
GNU C17 (GCC) version 10.3.1 20210703 (ALT Sisyphus 10.3.1-alt2) (x86_64-alt-linux)
	compiled by GNU C version 10.3.1 20210703 (ALT Sisyphus 10.3.1-alt2), GMP version 6.2.1, MPFR version 4.1.0, MPC version 1.2.1, isl version none
GGC heuristics: --param ggc-min-expand=100 --param ggc-min-heapsize=131072
Compiler executable checksum: 57df334d8e77a1fd2f8918e1fa6d16cd
COLLECT_GCC_OPTIONS='-v' '-o' 'CMakeFiles/cmTC_4e41a.dir/CMakeCCompilerABI.c.o' '-c' '-mtune=generic' '-march=x86-64'
 as -v --64 -o CMakeFiles/cmTC_4e41a.dir/CMakeCCompilerABI.c.o /tmp/.private/nikita/ccTcUmDX.s
GNU assembler version 2.35.2 (x86_64-alt-linux) using BFD version (GNU Binutils) 2.35.2.20210110
COMPILER_PATH=/usr/libexec/gcc/x86_64-alt-linux/10/:/usr/libexec/gcc/x86_64-alt-linux/10/:/usr/libexec/gcc/x86_64-alt-linux/:/usr/lib64/gcc/x86_64-alt-linux/10/:/usr/lib64/gcc/x86_64-alt-linux/
LIBRARY_PATH=/usr/lib64/gcc/x86_64-alt-linux/10/:/usr/lib64/gcc/x86_64-alt-linux/10/../../../../lib64/:/lib/../lib64/:/usr/lib/../lib64/:/usr/lib64/gcc/x86_64-alt-linux/10/../../../:/lib/:/usr/lib/
COLLECT_GCC_OPTIONS='-v' '-o' 'CMakeFiles/cmTC_4e41a.dir/CMakeCCompilerABI.c.o' '-c' '-mtune=generic' '-march=x86-64'
Linking C executable cmTC_4e41a
/usr/bin/cmake -E cmake_link_script CMakeFiles/cmTC_4e41a.dir/link.txt --verbose=1
/usr/bin/gcc  -v -rdynamic CMakeFiles/cmTC_4e41a.dir/CMakeCCompilerABI.c.o -o cmTC_4e41a 
Using built-in specs.
COLLECT_GCC=x86_64-alt-linux-gcc
COLLECT_LTO_WRAPPER=/usr/libexec/gcc/x86_64-alt-linux/10/lto-wrapper
Target: x86_64-alt-linux
Configured with: ../configure --host=x86_64-alt-linux --build=x86_64-alt-linux --target=x86_64-alt-linux --prefix=/usr --exec-prefix=/usr --bindir=/usr/bin --sbindir=/usr/sbin --sysconfdir=/etc --datadir=/usr/share --includedir=/usr/include --libdir=/usr/lib64 --libexecdir=/usr/libexec --localstatedir=/var/lib --sharedstatedir=/var/lib --mandir=/usr/share/man --infodir=/usr/share/info --disable-dependency-tracking --disable-silent-rules --without-included-gettext --enable-shared --program-suffix=-10 --with-slibdir=/lib64 --with-bugurl=http://bugzilla.altlinux.org --enable-__cxa_atexit --enable-threads=posix --enable-checking=release --with-system-zlib --without-included-gettext --enable-multilib --enable-default-pie --enable-gnu-unique-object --enable-linker-build-id --with-linker-hash-style=gnu --with-arch_32=i586 --with-tune_32=generic --with-multilib-list=m64,m32,mx32 --with-gcc-major-version-only --enable-vtable-verify --enable-bootstrap --enable-languages=c,c++,fortran,objc,obj-c++,ada,go,d,lto --enable-plugin
Thread model: posix
Supported LTO compression algorithms: zlib
gcc version 10.3.1 20210703 (ALT Sisyphus 10.3.1-alt2) (GCC) 
COMPILER_PATH=/usr/libexec/gcc/x86_64-alt-linux/10/:/usr/libexec/gcc/x86_64-alt-linux/10/:/usr/libexec/gcc/x86_64-alt-linux/:/usr/lib64/gcc/x86_64-alt-linux/10/:/usr/lib64/gcc/x86_64-alt-linux/
LIBRARY_PATH=/usr/lib64/gcc/x86_64-alt-linux/10/:/usr/lib64/gcc/x86_64-alt-linux/10/../../../../lib64/:/lib/../lib64/:/usr/lib/../lib64/:/usr/lib64/gcc/x86_64-alt-linux/10/../../../:/lib/:/usr/lib/
COLLECT_GCC_OPTIONS='-v' '-rdynamic' '-o' 'cmTC_4e41a' '-mtune=generic' '-march=x86-64'
 /usr/libexec/gcc/x86_64-alt-linux/10/collect2 -plugin /usr/libexec/gcc/x86_64-alt-linux/10/liblto_plugin.so -plugin-opt=/usr/libexec/gcc/x86_64-alt-linux/10/lto-wrapper -plugin-opt=-fresolution=/tmp/.private/nikita/ccs0Mw3j.res -plugin-opt=-pass-through=-lgcc -plugin-opt=-pass-through=-lgcc_s -plugin-opt=-pass-through=-lc -plugin-opt=-pass-through=-lgcc -plugin-opt=-pass-through=-lgcc_s --build-id --no-add-needed --eh-frame-hdr --hash-style=gnu --as-needed -m elf_x86_64 -export-dynamic -dynamic-linker /lib64/ld-linux-x86-64.so.2 -pie -z now -o cmTC_4e41a /usr/lib64/gcc/x86_64-alt-linux/10/../../../../lib64/Scrt1.o /usr/lib64/gcc/x86_64-alt-linux/10/../../../../lib64/crti.o /usr/lib64/gcc/x86_64-alt-linux/10/crtbeginS.o -L/usr/lib64/gcc/x86_64-alt-linux/10 -L/usr/lib64/gcc/x86_64-alt-linux/10/../../../../lib64 -L/lib/../lib64 -L/usr/lib/../lib64 -L/usr/lib64/gcc/x86_64-alt-linux/10/../../.. CMakeFiles/cmTC_4e41a.dir/CMakeCCompilerABI.c.o -lgcc --push-state --as-needed -lgcc_s --pop-state -lc -lgcc --push-state --as-needed -lgcc_s --pop-state /usr/lib64/gcc/x86_64-alt-linux/10/crtendS.o /usr/lib64/gcc/x86_64-alt-linux/10/../../../../lib64/crtn.o
COLLECT_GCC_OPTIONS='-v' '-rdynamic' '-o' 'cmTC_4e41a' '-mtune=generic' '-march=x86-64'
gmake[1]: Leaving directory '/home/nikita/Рабочий стол/projectgit/DIPLOM/build/CMakeFiles/CMakeTmp'



Parsed C implicit include dir info from above output: rv=done
  found start of include info
  found start of implicit include info
    add: [/usr/lib64/gcc/x86_64-alt-linux/10/include]
    add: [/usr/local/include]
    add: [/usr/include]
  end of search list found
  collapse include dir [/usr/lib64/gcc/x86_64-alt-linux/10/include] ==> [/usr/lib64/gcc/x86_64-alt-linux/10/include]
  collapse include dir [/usr/local/include] ==> [/usr/local/include]
  collapse include dir [/usr/include] ==> [/usr/include]
  implicit include dirs: [/usr/lib64/gcc/x86_64-alt-linux/10/include;/usr/local/include;/usr/include]


Parsed C implicit link information from above output:
  link line regex: [^( *|.*[/\])(ld|CMAKE_LINK_STARTFILE-NOTFOUND|([^/\]+-)?ld|collect2)[^/\]*( |$)]
  ignore line: [Change Dir: /home/nikita/Рабочий стол/projectgit/DIPLOM/build/CMakeFiles/CMakeTmp]
  ignore line: []
  ignore line: [Run Build Command(s):/usr/bin/gmake -f Makefile cmTC_4e41a/fast && /usr/bin/gmake  -f CMakeFiles/cmTC_4e41a.dir/build.make CMakeFiles/cmTC_4e41a.dir/build]
  ignore line: [gmake[1]: Entering directory '/home/nikita/Рабочий стол/projectgit/DIPLOM/build/CMakeFiles/CMakeTmp']
  ignore line: [Building C object CMakeFiles/cmTC_4e41a.dir/CMakeCCompilerABI.c.o]
  ignore line: [/usr/bin/gcc   -v -o CMakeFiles/cmTC_4e41a.dir/CMakeCCompilerABI.c.o -c /usr/share/cmake/Modules/CMakeCCompilerABI.c]
  ignore line: [Using built-in specs.]
  ignore line: [COLLECT_GCC=x86_64-alt-linux-gcc]
  ignore line: [Target: x86_64-alt-linux]
  ignore line: [Configured with: ../configure --host=x86_64-alt-linux --build=x86_64-alt-linux --target=x86_64-alt-linux --prefix=/usr --exec-prefix=/usr --bindir=/usr/bin --sbindir=/usr/sbin --sysconfdir=/etc --datadir=/usr/share --includedir=/usr/include --libdir=/usr/lib64 --libexecdir=/usr/libexec --localstatedir=/var/lib --sharedstatedir=/var/lib --mandir=/usr/share/man --infodir=/usr/share/info --disable-dependency-tracking --disable-silent-rules --without-included-gettext --enable-shared --program-suffix=-10 --with-slibdir=/lib64 --with-bugurl=http://bugzilla.altlinux.org --enable-__cxa_atexit --enable-threads=posix --enable-checking=release --with-system-zlib --without-included-gettext --enable-multilib --enable-default-pie --enable-gnu-unique-object --enable-linker-build-id --with-linker-hash-style=gnu --with-arch_32=i586 --with-tune_32=generic --with-multilib-list=m64 m32 mx32 --with-gcc-major-version-only --enable-vtable-verify --enable-bootstrap --enable-languages=c c++ fortran objc obj-c++ ada go d lto --enable-plugin]
  ignore line: [Thread model: posix]
  ignore line: [Supported LTO compression algorithms: zlib]
  ignore line: [gcc version 10.3.1 20210703 (ALT Sisyphus 10.3.1-alt2) (GCC) ]
  ignore line: [COLLECT_GCC_OPTIONS='-v' '-o' 'CMakeFiles/cmTC_4e41a.dir/CMakeCCompilerABI.c.o' '-c' '-mtune=generic' '-march=x86-64']
  ignore line: [ /usr/libexec/gcc/x86_64-alt-linux/10/cc1 -quiet -v /usr/share/cmake/Modules/CMakeCCompilerABI.c -fstack-protector-strong -fstack-clash-protection -quiet -dumpbase CMakeCCompilerABI.c -mtune=generic -march=x86-64 -auxbase-strip CMakeFiles/cmTC_4e41a.dir/CMakeCCompilerABI.c.o -version -o /tmp/.private/nikita/ccTcUmDX.s]
  ignore line: [GNU C17 (GCC) version 10.3.1 20210703 (ALT Sisyphus 10.3.1-alt2) (x86_64-alt-linux)]
  ignore line: [	compiled by GNU C version 10.3.1 20210703 (ALT Sisyphus 10.3.1-alt2)  GMP version 6.2.1  MPFR version 4.1.0  MPC version 1.2.1  isl version none]
  ignore line: [GGC heuristics: --param ggc-min-expand=100 --param ggc-min-heapsize=131072]
  ignore line: [ignoring nonexistent directory "/usr/lib64/gcc/x86_64-alt-linux/10/include-fixed"]
  ignore line: [ignoring nonexistent directory "/usr/lib64/gcc/x86_64-alt-linux/10/../../../../x86_64-alt-linux/include"]
  ignore line: [#include "..." search starts here:]
  ignore line: [#include <...> search starts here:]
  ignore line: [ /usr/lib64/gcc/x86_64-alt-linux/10/include]
  ignore line: [ /usr/local/include]
  ignore line: [ /usr/include]
  ignore line: [End of search list.]
  ignore line: [GNU C17 (GCC) version 10.3.1 20210703 (ALT Sisyphus 10.3.1-alt2) (x86_64-alt-linux)]
  ignore line: [	compiled by GNU C version 10.3.1 20210703 (ALT Sisyphus 10.3.1-alt2)  GMP version 6.2.1  MPFR version 4.1.0  MPC version 1.2.1  isl version none]
  ignore line: [GGC heuristics: --param ggc-min-expand=100 --param ggc-min-heapsize=131072]
  ignore line: [Compiler executable checksum: 57df334d8e77a1fd2f8918e1fa6d16cd]
  ignore line: [COLLECT_GCC_OPTIONS='-v' '-o' 'CMakeFiles/cmTC_4e41a.dir/CMakeCCompilerABI.c.o' '-c' '-mtune=generic' '-march=x86-64']
  ignore line: [ as -v --64 -o CMakeFiles/cmTC_4e41a.dir/CMakeCCompilerABI.c.o /tmp/.private/nikita/ccTcUmDX.s]
  ignore line: [GNU assembler version 2.35.2 (x86_64-alt-linux) using BFD version (GNU Binutils) 2.35.2.20210110]
  ignore line: [COMPILER_PATH=/usr/libexec/gcc/x86_64-alt-linux/10/:/usr/libexec/gcc/x86_64-alt-linux/10/:/usr/libexec/gcc/x86_64-alt-linux/:/usr/lib64/gcc/x86_64-alt-linux/10/:/usr/lib64/gcc/x86_64-alt-linux/]
  ignore line: [LIBRARY_PATH=/usr/lib64/gcc/x86_64-alt-linux/10/:/usr/lib64/gcc/x86_64-alt-linux/10/../../../../lib64/:/lib/../lib64/:/usr/lib/../lib64/:/usr/lib64/gcc/x86_64-alt-linux/10/../../../:/lib/:/usr/lib/]
  ignore line: [COLLECT_GCC_OPTIONS='-v' '-o' 'CMakeFiles/cmTC_4e41a.dir/CMakeCCompilerABI.c.o' '-c' '-mtune=generic' '-march=x86-64']
  ignore line: [Linking C executable cmTC_4e41a]
  ignore line: [/usr/bin/cmake -E cmake_link_script CMakeFiles/cmTC_4e41a.dir/link.txt --verbose=1]
  ignore line: [/usr/bin/gcc  -v -rdynamic CMakeFiles/cmTC_4e41a.dir/CMakeCCompilerABI.c.o -o cmTC_4e41a ]
  ignore line: [Using built-in specs.]
  ignore line: [COLLECT_GCC=x86_64-alt-linux-gcc]
  ignore line: [COLLECT_LTO_WRAPPER=/usr/libexec/gcc/x86_64-alt-linux/10/lto-wrapper]
  ignore line: [Target: x86_64-alt-linux]
  ignore line: [Configured with: ../configure --host=x86_64-alt-linux --build=x86_64-alt-linux --target=x86_64-alt-linux --prefix=/usr --exec-prefix=/usr --bindir=/usr/bin --sbindir=/usr/sbin --sysconfdir=/etc --datadir=/usr/share --includedir=/usr/include --libdir=/usr/lib64 --libexecdir=/usr/libexec --localstatedir=/var/lib --sharedstatedir=/var/lib --mandir=/usr/share/man --infodir=/usr/share/info --disable-dependency-tracking --disable-silent-rules --without-included-gettext --enable-shared --program-suffix=-10 --with-slibdir=/lib64 --with-bugurl=http://bugzilla.altlinux.org --enable-__cxa_atexit --enable-threads=posix --enable-checking=release --with-system-zlib --without-included-gettext --enable-multilib --enable-default-pie --enable-gnu-unique-object --enable-linker-build-id --with-linker-hash-style=gnu --with-arch_32=i586 --with-tune_32=generic --with-multilib-list=m64 m32 mx32 --with-gcc-major-version-only --enable-vtable-verify --enable-bootstrap --enable-languages=c c++ fortran objc obj-c++ ada go d lto --enable-plugin]
  ignore line: [Thread model: posix]
  ignore line: [Supported LTO compression algorithms: zlib]
  ignore line: [gcc version 10.3.1 20210703 (ALT Sisyphus 10.3.1-alt2) (GCC) ]
  ignore line: [COMPILER_PATH=/usr/libexec/gcc/x86_64-alt-linux/10/:/usr/libexec/gcc/x86_64-alt-linux/10/:/usr/libexec/gcc/x86_64-alt-linux/:/usr/lib64/gcc/x86_64-alt-linux/10/:/usr/lib64/gcc/x86_64-alt-linux/]
  ignore line: [LIBRARY_PATH=/usr/lib64/gcc/x86_64-alt-linux/10/:/usr/lib64/gcc/x86_64-alt-linux/10/../../../../lib64/:/lib/../lib64/:/usr/lib/../lib64/:/usr/lib64/gcc/x86_64-alt-linux/10/../../../:/lib/:/usr/lib/]
  ignore line: [COLLECT_GCC_OPTIONS='-v' '-rdynamic' '-o' 'cmTC_4e41a' '-mtune=generic' '-march=x86-64']
  link line: [ /usr/libexec/gcc/x86_64-alt-linux/10/collect2 -plugin /usr/libexec/gcc/x86_64-alt-linux/10/liblto_plugin.so -plugin-opt=/usr/libexec/gcc/x86_64-alt-linux/10/lto-wrapper -plugin-opt=-fresolution=/tmp/.private/nikita/ccs0Mw3j.res -plugin-opt=-pass-through=-lgcc -plugin-opt=-pass-through=-lgcc_s -plugin-opt=-pass-through=-lc -plugin-opt=-pass-through=-lgcc -plugin-opt=-pass-through=-lgcc_s --build-id --no-add-needed --eh-frame-hdr --hash-style=gnu --as-needed -m elf_x86_64 -export-dynamic -dynamic-linker /lib64/ld-linux-x86-64.so.2 -pie -z now -o cmTC_4e41a /usr/lib64/gcc/x86_64-alt-linux/10/../../../../lib64/Scrt1.o /usr/lib64/gcc/x86_64-alt-linux/10/../../../../lib64/crti.o /usr/lib64/gcc/x86_64-alt-linux/10/crtbeginS.o -L/usr/lib64/gcc/x86_64-alt-linux/10 -L/usr/lib64/gcc/x86_64-alt-linux/10/../../../../lib64 -L/lib/../lib64 -L/usr/lib/../lib64 -L/usr/lib64/gcc/x86_64-alt-linux/10/../../.. CMakeFiles/cmTC_4e41a.dir/CMakeCCompilerABI.c.o -lgcc --push-state --as-needed -lgcc_s --pop-state -lc -lgcc --push-state --as-needed -lgcc_s --pop-state /usr/lib64/gcc/x86_64-alt-linux/10/crtendS.o /usr/lib64/gcc/x86_64-alt-linux/10/../../../../lib64/crtn.o]
    arg [/usr/libexec/gcc/x86_64-alt-linux/10/collect2] ==> ignore
    arg [-plugin] ==> ignore
    arg [/usr/libexec/gcc/x86_64-alt-linux/10/liblto_plugin.so] ==> ignore
    arg [-plugin-opt=/usr/libexec/gcc/x86_64-alt-linux/10/lto-wrapper] ==> ignore
    arg [-plugin-opt=-fresolution=/tmp/.private/nikita/ccs0Mw3j.res] ==> ignore
    arg [-plugin-opt=-pass-through=-lgcc] ==> ignore
    arg [-plugin-opt=-pass-through=-lgcc_s] ==> ignore
    arg [-plugin-opt=-pass-through=-lc] ==> ignore
    arg [-plugin-opt=-pass-through=-lgcc] ==> ignore
    arg [-plugin-opt=-pass-through=-lgcc_s] ==> ignore
    arg [--build-id] ==> ignore
    arg [--no-add-needed] ==> ignore
    arg [--eh-frame-hdr] ==> ignore
    arg [--hash-style=gnu] ==> ignore
    arg [--as-needed] ==> ignore
    arg [-m] ==> ignore
    arg [elf_x86_64] ==> ignore
    arg [-export-dynamic] ==> ignore
    arg [-dynamic-linker] ==> ignore
    arg [/lib64/ld-linux-x86-64.so.2] ==> ignore
    arg [-pie] ==> ignore
    arg [-znow] ==> ignore
    arg [-o] ==> ignore
    arg [cmTC_4e41a] ==> ignore
    arg [/usr/lib64/gcc/x86_64-alt-linux/10/../../../../lib64/Scrt1.o] ==> obj [/usr/lib64/gcc/x86_64-alt-linux/10/../../../../lib64/Scrt1.o]
    arg [/usr/lib64/gcc/x86_64-alt-linux/10/../../../../lib64/crti.o] ==> obj [/usr/lib64/gcc/x86_64-alt-linux/10/../../../../lib64/crti.o]
    arg [/usr/lib64/gcc/x86_64-alt-linux/10/crtbeginS.o] ==> obj [/usr/lib64/gcc/x86_64-alt-linux/10/crtbeginS.o]
    arg [-L/usr/lib64/gcc/x86_64-alt-linux/10] ==> dir [/usr/lib64/gcc/x86_64-alt-linux/10]
    arg [-L/usr/lib64/gcc/x86_64-alt-linux/10/../../../../lib64] ==> dir [/usr/lib64/gcc/x86_64-alt-linux/10/../../../../lib64]
    arg [-L/lib/../lib64] ==> dir [/lib/../lib64]
    arg [-L/usr/lib/../lib64] ==> dir [/usr/lib/../lib64]
    arg [-L/usr/lib64/gcc/x86_64-alt-linux/10/../../..] ==> dir [/usr/lib64/gcc/x86_64-alt-linux/10/../../..]
    arg [CMakeFiles/cmTC_4e41a.dir/CMakeCCompilerABI.c.o] ==> ignore
    arg [-lgcc] ==> lib [gcc]
    arg [--push-state] ==> ignore
    arg [--as-needed] ==> ignore
    arg [-lgcc_s] ==> lib [gcc_s]
    arg [--pop-state] ==> ignore
    arg [-lc] ==> lib [c]
    arg [-lgcc] ==> lib [gcc]
    arg [--push-state] ==> ignore
    arg [--as-needed] ==> ignore
    arg [-lgcc_s] ==> lib [gcc_s]
    arg [--pop-state] ==> ignore
    arg [/usr/lib64/gcc/x86_64-alt-linux/10/crtendS.o] ==> obj [/usr/lib64/gcc/x86_64-alt-linux/10/crtendS.o]
    arg [/usr/lib64/gcc/x86_64-alt-linux/10/../../../../lib64/crtn.o] ==> obj [/usr/lib64/gcc/x86_64-alt-linux/10/../../../../lib64/crtn.o]
  collapse obj [/usr/lib64/gcc/x86_64-alt-linux/10/../../../../lib64/Scrt1.o] ==> [/usr/lib64/Scrt1.o]
  collapse obj [/usr/lib64/gcc/x86_64-alt-linux/10/../../../../lib64/crti.o] ==> [/usr/lib64/crti.o]
  collapse obj [/usr/lib64/gcc/x86_64-alt-linux/10/../../../../lib64/crtn.o] ==> [/usr/lib64/crtn.o]
  collapse library dir [/usr/lib64/gcc/x86_64-alt-linux/10] ==> [/usr/lib64/gcc/x86_64-alt-linux/10]
  collapse library dir [/usr/lib64/gcc/x86_64-alt-linux/10/../../../../lib64] ==> [/usr/lib64]
  collapse library dir [/lib/../lib64] ==> [/lib64]
  collapse library dir [/usr/lib/../lib64] ==> [/usr/lib64]
  collapse library dir [/usr/lib64/gcc/x86_64-alt-linux/10/../../..] ==> [/usr/lib64]
  implicit libs: [gcc;gcc_s;c;gcc;gcc_s]
  implicit objs: [/usr/lib64/Scrt1.o;/usr/lib64/crti.o;/usr/lib64/gcc/x86_64-alt-linux/10/crtbeginS.o;/usr/lib64/gcc/x86_64-alt-linux/10/crtendS.o;/usr/lib64/crtn.o]
  implicit dirs: [/usr/lib64/gcc/x86_64-alt-linux/10;/usr/lib64;/lib64]
  implicit fwks: []


Compiling the CXX compiler identification source file "CMakeCXXCompilerId.cpp" succeeded.
Compiler: /usr/bin/c++ 
Build flags: 
Id flags:  

The output was:
0


Compilation of the CXX compiler identification source "CMakeCXXCompilerId.cpp" produced "a.out"

The CXX compiler identification is GNU, found in "/home/nikita/Рабочий стол/projectgit/DIPLOM/build/CMakeFiles/3.20.5/CompilerIdCXX/a.out"

Detecting CXX compiler ABI info compiled with the following output:
Change Dir: /home/nikita/Рабочий стол/projectgit/DIPLOM/build/CMakeFiles/CMakeTmp

Run Build Command(s):/usr/bin/gmake -f Makefile cmTC_143ab/fast && /usr/bin/gmake  -f CMakeFiles/cmTC_143ab.dir/build.make CMakeFiles/cmTC_143ab.dir/build
gmake[1]: Entering directory '/home/nikita/Рабочий стол/projectgit/DIPLOM/build/CMakeFiles/CMakeTmp'
Building CXX object CMakeFiles/cmTC_143ab.dir/CMakeCXXCompilerABI.cpp.o
/usr/bin/c++   -v -o CMakeFiles/cmTC_143ab.dir/CMakeCXXCompilerABI.cpp.o -c /usr/share/cmake/Modules/CMakeCXXCompilerABI.cpp
Using built-in specs.
COLLECT_GCC=x86_64-alt-linux-g++
Target: x86_64-alt-linux
Configured with: ../configure --host=x86_64-alt-linux --build=x86_64-alt-linux --target=x86_64-alt-linux --prefix=/usr --exec-prefix=/usr --bindir=/usr/bin --sbindir=/usr/sbin --sysconfdir=/etc --datadir=/usr/share --includedir=/usr/include --libdir=/usr/lib64 --libexecdir=/usr/libexec --localstatedir=/var/lib --sharedstatedir=/var/lib --mandir=/usr/share/man --infodir=/usr/share/info --disable-dependency-tracking --disable-silent-rules --without-included-gettext --enable-shared --program-suffix=-10 --with-slibdir=/lib64 --with-bugurl=http://bugzilla.altlinux.org --enable-__cxa_atexit --enable-threads=posix --enable-checking=release --with-system-zlib --without-included-gettext --enable-multilib --enable-default-pie --enable-gnu-unique-object --enable-linker-build-id --with-linker-hash-style=gnu --with-arch_32=i586 --with-tune_32=generic --with-multilib-list=m64,m32,mx32 --with-gcc-major-version-only --enable-vtable-verify --enable-bootstrap --enable-languages=c,c++,fortran,objc,obj-c++,ada,go,d,lto --enable-plugin
Thread model: posix
Supported LTO compression algorithms: zlib
gcc version 10.3.1 20210703 (ALT Sisyphus 10.3.1-alt2) (GCC) 
COLLECT_GCC_OPTIONS='-v' '-o' 'CMakeFiles/cmTC_143ab.dir/CMakeCXXCompilerABI.cpp.o' '-c' '-shared-libgcc' '-mtune=generic' '-march=x86-64'
 /usr/libexec/gcc/x86_64-alt-linux/10/cc1plus -quiet -v -D_GNU_SOURCE /usr/share/cmake/Modules/CMakeCXXCompilerABI.cpp -Werror=return-type -fstack-protector-strong -fstack-clash-protection -quiet -dumpbase CMakeCXXCompilerABI.cpp -mtune=generic -march=x86-64 -auxbase-strip CMakeFiles/cmTC_143ab.dir/CMakeCXXCompilerABI.cpp.o -version -o /tmp/.private/nikita/ccnymPTw.s
GNU C++14 (GCC) version 10.3.1 20210703 (ALT Sisyphus 10.3.1-alt2) (x86_64-alt-linux)
	compiled by GNU C version 10.3.1 20210703 (ALT Sisyphus 10.3.1-alt2), GMP version 6.2.1, MPFR version 4.1.0, MPC version 1.2.1, isl version none
GGC heuristics: --param ggc-min-expand=100 --param ggc-min-heapsize=131072
ignoring nonexistent directory "/usr/lib64/gcc/x86_64-alt-linux/10/include-fixed"
ignoring nonexistent directory "/usr/lib64/gcc/x86_64-alt-linux/10/../../../../x86_64-alt-linux/include"
#include "..." search starts here:
#include <...> search starts here:
 /usr/lib64/gcc/x86_64-alt-linux/10/../../../../include/c++/10
 /usr/lib64/gcc/x86_64-alt-linux/10/../../../../include/c++/10/x86_64-alt-linux
 /usr/lib64/gcc/x86_64-alt-linux/10/../../../../include/c++/10/backward
 /usr/lib64/gcc/x86_64-alt-linux/10/include
 /usr/local/include
 /usr/include
End of search list.
GNU C++14 (GCC) version 10.3.1 20210703 (ALT Sisyphus 10.3.1-alt2) (x86_64-alt-linux)
	compiled by GNU C version 10.3.1 20210703 (ALT Sisyphus 10.3.1-alt2), GMP version 6.2.1, MPFR version 4.1.0, MPC version 1.2.1, isl version none
GGC heuristics: --param ggc-min-expand=100 --param ggc-min-heapsize=131072
Compiler executable checksum: dee9d4b4a08519bacffde130e66cc255
COLLECT_GCC_OPTIONS='-v' '-o' 'CMakeFiles/cmTC_143ab.dir/CMakeCXXCompilerABI.cpp.o' '-c' '-shared-libgcc' '-mtune=generic' '-march=x86-64'
 as -v --64 -o CMakeFiles/cmTC_143ab.dir/CMakeCXXCompilerABI.cpp.o /tmp/.private/nikita/ccnymPTw.s
GNU assembler version 2.35.2 (x86_64-alt-linux) using BFD version (GNU Binutils) 2.35.2.20210110
COMPILER_PATH=/usr/libexec/gcc/x86_64-alt-linux/10/:/usr/libexec/gcc/x86_64-alt-linux/10/:/usr/libexec/gcc/x86_64-alt-linux/:/usr/lib64/gcc/x86_64-alt-linux/10/:/usr/lib64/gcc/x86_64-alt-linux/
LIBRARY_PATH=/usr/lib64/gcc/x86_64-alt-linux/10/:/usr/lib64/gcc/x86_64-alt-linux/10/../../../../lib64/:/lib/../lib64/:/usr/lib/../lib64/:/usr/lib64/gcc/x86_64-alt-linux/10/../../../:/lib/:/usr/lib/
COLLECT_GCC_OPTIONS='-v' '-o' 'CMakeFiles/cmTC_143ab.dir/CMakeCXXCompilerABI.cpp.o' '-c' '-shared-libgcc' '-mtune=generic' '-march=x86-64'
Linking CXX executable cmTC_143ab
/usr/bin/cmake -E cmake_link_script CMakeFiles/cmTC_143ab.dir/link.txt --verbose=1
/usr/bin/c++  -v -rdynamic CMakeFiles/cmTC_143ab.dir/CMakeCXXCompilerABI.cpp.o -o cmTC_143ab 
Using built-in specs.
COLLECT_GCC=x86_64-alt-linux-g++
COLLECT_LTO_WRAPPER=/usr/libexec/gcc/x86_64-alt-linux/10/lto-wrapper
Target: x86_64-alt-linux
Configured with: ../configure --host=x86_64-alt-linux --build=x86_64-alt-linux --target=x86_64-alt-linux --prefix=/usr --exec-prefix=/usr --bindir=/usr/bin --sbindir=/usr/sbin --sysconfdir=/etc --datadir=/usr/share --includedir=/usr/include --libdir=/usr/lib64 --libexecdir=/usr/libexec --localstatedir=/var/lib --sharedstatedir=/var/lib --mandir=/usr/share/man --infodir=/usr/share/info --disable-dependency-tracking --disable-silent-rules --without-included-gettext --enable-shared --program-suffix=-10 --with-slibdir=/lib64 --with-bugurl=http://bugzilla.altlinux.org --enable-__cxa_atexit --enable-threads=posix --enable-checking=release --with-system-zlib --without-included-gettext --enable-multilib --enable-default-pie --enable-gnu-unique-object --enable-linker-build-id --with-linker-hash-style=gnu --with-arch_32=i586 --with-tune_32=generic --with-multilib-list=m64,m32,mx32 --with-gcc-major-version-only --enable-vtable-verify --enable-bootstrap --enable-languages=c,c++,fortran,objc,obj-c++,ada,go,d,lto --enable-plugin
Thread model: posix
Supported LTO compression algorithms: zlib
gcc version 10.3.1 20210703 (ALT Sisyphus 10.3.1-alt2) (GCC) 
COMPILER_PATH=/usr/libexec/gcc/x86_64-alt-linux/10/:/usr/libexec/gcc/x86_64-alt-linux/10/:/usr/libexec/gcc/x86_64-alt-linux/:/usr/lib64/gcc/x86_64-alt-linux/10/:/usr/lib64/gcc/x86_64-alt-linux/
LIBRARY_PATH=/usr/lib64/gcc/x86_64-alt-linux/10/:/usr/lib64/gcc/x86_64-alt-linux/10/../../../../lib64/:/lib/../lib64/:/usr/lib/../lib64/:/usr/lib64/gcc/x86_64-alt-linux/10/../../../:/lib/:/usr/lib/
COLLECT_GCC_OPTIONS='-v' '-rdynamic' '-o' 'cmTC_143ab' '-shared-libgcc' '-mtune=generic' '-march=x86-64'
 /usr/libexec/gcc/x86_64-alt-linux/10/collect2 -plugin /usr/libexec/gcc/x86_64-alt-linux/10/liblto_plugin.so -plugin-opt=/usr/libexec/gcc/x86_64-alt-linux/10/lto-wrapper -plugin-opt=-fresolution=/tmp/.private/nikita/cceG4hLT.res -plugin-opt=-pass-through=-lgcc_s -plugin-opt=-pass-through=-lgcc -plugin-opt=-pass-through=-lc -plugin-opt=-pass-through=-lgcc_s -plugin-opt=-pass-through=-lgcc --build-id --no-add-needed --eh-frame-hdr --hash-style=gnu --as-needed -m elf_x86_64 -export-dynamic -dynamic-linker /lib64/ld-linux-x86-64.so.2 -pie -z now -o cmTC_143ab /usr/lib64/gcc/x86_64-alt-linux/10/../../../../lib64/Scrt1.o /usr/lib64/gcc/x86_64-alt-linux/10/../../../../lib64/crti.o /usr/lib64/gcc/x86_64-alt-linux/10/crtbeginS.o -L/usr/lib64/gcc/x86_64-alt-linux/10 -L/usr/lib64/gcc/x86_64-alt-linux/10/../../../../lib64 -L/lib/../lib64 -L/usr/lib/../lib64 -L/usr/lib64/gcc/x86_64-alt-linux/10/../../.. CMakeFiles/cmTC_143ab.dir/CMakeCXXCompilerABI.cpp.o -lstdc++ -lm -lgcc_s -lgcc -lc -lgcc_s -lgcc /usr/lib64/gcc/x86_64-alt-linux/10/crtendS.o /usr/lib64/gcc/x86_64-alt-linux/10/../../../../lib64/crtn.o
COLLECT_GCC_OPTIONS='-v' '-rdynamic' '-o' 'cmTC_143ab' '-shared-libgcc' '-mtune=generic' '-march=x86-64'
gmake[1]: Leaving directory '/home/nikita/Рабочий стол/projectgit/DIPLOM/build/CMakeFiles/CMakeTmp'



Parsed CXX implicit include dir info from above output: rv=done
  found start of include info
  found start of implicit include info
    add: [/usr/lib64/gcc/x86_64-alt-linux/10/../../../../include/c++/10]
    add: [/usr/lib64/gcc/x86_64-alt-linux/10/../../../../include/c++/10/x86_64-alt-linux]
    add: [/usr/lib64/gcc/x86_64-alt-linux/10/../../../../include/c++/10/backward]
    add: [/usr/lib64/gcc/x86_64-alt-linux/10/include]
    add: [/usr/local/include]
    add: [/usr/include]
  end of search list found
  collapse include dir [/usr/lib64/gcc/x86_64-alt-linux/10/../../../../include/c++/10] ==> [/usr/include/c++/10]
  collapse include dir [/usr/lib64/gcc/x86_64-alt-linux/10/../../../../include/c++/10/x86_64-alt-linux] ==> [/usr/include/c++/10/x86_64-alt-linux]
  collapse include dir [/usr/lib64/gcc/x86_64-alt-linux/10/../../../../include/c++/10/backward] ==> [/usr/include/c++/10/backward]
  collapse include dir [/usr/lib64/gcc/x86_64-alt-linux/10/include] ==> [/usr/lib64/gcc/x86_64-alt-linux/10/include]
  collapse include dir [/usr/local/include] ==> [/usr/local/include]
  collapse include dir [/usr/include] ==> [/usr/include]
  implicit include dirs: [/usr/include/c++/10;/usr/include/c++/10/x86_64-alt-linux;/usr/include/c++/10/backward;/usr/lib64/gcc/x86_64-alt-linux/10/include;/usr/local/include;/usr/include]


Parsed CXX implicit link information from above output:
  link line regex: [^( *|.*[/\])(ld|CMAKE_LINK_STARTFILE-NOTFOUND|([^/\]+-)?ld|collect2)[^/\]*( |$)]
  ignore line: [Change Dir: /home/nikita/Рабочий стол/projectgit/DIPLOM/build/CMakeFiles/CMakeTmp]
  ignore line: []
  ignore line: [Run Build Command(s):/usr/bin/gmake -f Makefile cmTC_143ab/fast && /usr/bin/gmake  -f CMakeFiles/cmTC_143ab.dir/build.make CMakeFiles/cmTC_143ab.dir/build]
  ignore line: [gmake[1]: Entering directory '/home/nikita/Рабочий стол/projectgit/DIPLOM/build/CMakeFiles/CMakeTmp']
  ignore line: [Building CXX object CMakeFiles/cmTC_143ab.dir/CMakeCXXCompilerABI.cpp.o]
  ignore line: [/usr/bin/c++   -v -o CMakeFiles/cmTC_143ab.dir/CMakeCXXCompilerABI.cpp.o -c /usr/share/cmake/Modules/CMakeCXXCompilerABI.cpp]
  ignore line: [Using built-in specs.]
  ignore line: [COLLECT_GCC=x86_64-alt-linux-g++]
  ignore line: [Target: x86_64-alt-linux]
  ignore line: [Configured with: ../configure --host=x86_64-alt-linux --build=x86_64-alt-linux --target=x86_64-alt-linux --prefix=/usr --exec-prefix=/usr --bindir=/usr/bin --sbindir=/usr/sbin --sysconfdir=/etc --datadir=/usr/share --includedir=/usr/include --libdir=/usr/lib64 --libexecdir=/usr/libexec --localstatedir=/var/lib --sharedstatedir=/var/lib --mandir=/usr/share/man --infodir=/usr/share/info --disable-dependency-tracking --disable-silent-rules --without-included-gettext --enable-shared --program-suffix=-10 --with-slibdir=/lib64 --with-bugurl=http://bugzilla.altlinux.org --enable-__cxa_atexit --enable-threads=posix --enable-checking=release --with-system-zlib --without-included-gettext --enable-multilib --enable-default-pie --enable-gnu-unique-object --enable-linker-build-id --with-linker-hash-style=gnu --with-arch_32=i586 --with-tune_32=generic --with-multilib-list=m64 m32 mx32 --with-gcc-major-version-only --enable-vtable-verify --enable-bootstrap --enable-languages=c c++ fortran objc obj-c++ ada go d lto --enable-plugin]
  ignore line: [Thread model: posix]
  ignore line: [Supported LTO compression algorithms: zlib]
  ignore line: [gcc version 10.3.1 20210703 (ALT Sisyphus 10.3.1-alt2) (GCC) ]
  ignore line: [COLLECT_GCC_OPTIONS='-v' '-o' 'CMakeFiles/cmTC_143ab.dir/CMakeCXXCompilerABI.cpp.o' '-c' '-shared-libgcc' '-mtune=generic' '-march=x86-64']
  ignore line: [ /usr/libexec/gcc/x86_64-alt-linux/10/cc1plus -quiet -v -D_GNU_SOURCE /usr/share/cmake/Modules/CMakeCXXCompilerABI.cpp -Werror=return-type -fstack-protector-strong -fstack-clash-protection -quiet -dumpbase CMakeCXXCompilerABI.cpp -mtune=generic -march=x86-64 -auxbase-strip CMakeFiles/cmTC_143ab.dir/CMakeCXXCompilerABI.cpp.o -version -o /tmp/.private/nikita/ccnymPTw.s]
  ignore line: [GNU C++14 (GCC) version 10.3.1 20210703 (ALT Sisyphus 10.3.1-alt2) (x86_64-alt-linux)]
  ignore line: [	compiled by GNU C version 10.3.1 20210703 (ALT Sisyphus 10.3.1-alt2)  GMP version 6.2.1  MPFR version 4.1.0  MPC version 1.2.1  isl version none]
  ignore line: [GGC heuristics: --param ggc-min-expand=100 --param ggc-min-heapsize=131072]
  ignore line: [ignoring nonexistent directory "/usr/lib64/gcc/x86_64-alt-linux/10/include-fixed"]
  ignore line: [ignoring nonexistent directory "/usr/lib64/gcc/x86_64-alt-linux/10/../../../../x86_64-alt-linux/include"]
  ignore line: [#include "..." search starts here:]
  ignore line: [#include <...> search starts here:]
  ignore line: [ /usr/lib64/gcc/x86_64-alt-linux/10/../../../../include/c++/10]
  ignore line: [ /usr/lib64/gcc/x86_64-alt-linux/10/../../../../include/c++/10/x86_64-alt-linux]
  ignore line: [ /usr/lib64/gcc/x86_64-alt-linux/10/../../../../include/c++/10/backward]
  ignore line: [ /usr/lib64/gcc/x86_64-alt-linux/10/include]
  ignore line: [ /usr/local/include]
  ignore line: [ /usr/include]
  ignore line: [End of search list.]
  ignore line: [GNU C++14 (GCC) version 10.3.1 20210703 (ALT Sisyphus 10.3.1-alt2) (x86_64-alt-linux)]
  ignore line: [	compiled by GNU C version 10.3.1 20210703 (ALT Sisyphus 10.3.1-alt2)  GMP version 6.2.1  MPFR version 4.1.0  MPC version 1.2.1  isl version none]
  ignore line: [GGC heuristics: --param ggc-min-expand=100 --param ggc-min-heapsize=131072]
  ignore line: [Compiler executable checksum: dee9d4b4a08519bacffde130e66cc255]
  ignore line: [COLLECT_GCC_OPTIONS='-v' '-o' 'CMakeFiles/cmTC_143ab.dir/CMakeCXXCompilerABI.cpp.o' '-c' '-shared-libgcc' '-mtune=generic' '-march=x86-64']
  ignore line: [ as -v --64 -o CMakeFiles/cmTC_143ab.dir/CMakeCXXCompilerABI.cpp.o /tmp/.private/nikita/ccnymPTw.s]
  ignore line: [GNU assembler version 2.35.2 (x86_64-alt-linux) using BFD version (GNU Binutils) 2.35.2.20210110]
  ignore line: [COMPILER_PATH=/usr/libexec/gcc/x86_64-alt-linux/10/:/usr/libexec/gcc/x86_64-alt-linux/10/:/usr/libexec/gcc/x86_64-alt-linux/:/usr/lib64/gcc/x86_64-alt-linux/10/:/usr/lib64/gcc/x86_64-alt-linux/]
  ignore line: [LIBRARY_PATH=/usr/lib64/gcc/x86_64-alt-linux/10/:/usr/lib64/gcc/x86_64-alt-linux/10/../../../../lib64/:/lib/../lib64/:/usr/lib/../lib64/:/usr/lib64/gcc/x86_64-alt-linux/10/../../../:/lib/:/usr/lib/]
  ignore line: [COLLECT_GCC_OPTIONS='-v' '-o' 'CMakeFiles/cmTC_143ab.dir/CMakeCXXCompilerABI.cpp.o' '-c' '-shared-libgcc' '-mtune=generic' '-march=x86-64']
  ignore line: [Linking CXX executable cmTC_143ab]
  ignore line: [/usr/bin/cmake -E cmake_link_script CMakeFiles/cmTC_143ab.dir/link.txt --verbose=1]
  ignore line: [/usr/bin/c++  -v -rdynamic CMakeFiles/cmTC_143ab.dir/CMakeCXXCompilerABI.cpp.o -o cmTC_143ab ]
  ignore line: [Using built-in specs.]
  ignore line: [COLLECT_GCC=x86_64-alt-linux-g++]
  ignore line: [COLLECT_LTO_WRAPPER=/usr/libexec/gcc/x86_64-alt-linux/10/lto-wrapper]
  ignore line: [Target: x86_64-alt-linux]
  ignore line: [Configured with: ../configure --host=x86_64-alt-linux --build=x86_64-alt-linux --target=x86_64-alt-linux --prefix=/usr --exec-prefix=/usr --bindir=/usr/bin --sbindir=/usr/sbin --sysconfdir=/etc --datadir=/usr/share --includedir=/usr/include --libdir=/usr/lib64 --libexecdir=/usr/libexec --localstatedir=/var/lib --sharedstatedir=/var/lib --mandir=/usr/share/man --infodir=/usr/share/info --disable-dependency-tracking --disable-silent-rules --without-included-gettext --enable-shared --program-suffix=-10 --with-slibdir=/lib64 --with-bugurl=http://bugzilla.altlinux.org --enable-__cxa_atexit --enable-threads=posix --enable-checking=release --with-system-zlib --without-included-gettext --enable-multilib --enable-default-pie --enable-gnu-unique-object --enable-linker-build-id --with-linker-hash-style=gnu --with-arch_32=i586 --with-tune_32=generic --with-multilib-list=m64 m32 mx32 --with-gcc-major-version-only --enable-vtable-verify --enable-bootstrap --enable-languages=c c++ fortran objc obj-c++ ada go d lto --enable-plugin]
  ignore line: [Thread model: posix]
  ignore line: [Supported LTO compression algorithms: zlib]
  ignore line: [gcc version 10.3.1 20210703 (ALT Sisyphus 10.3.1-alt2) (GCC) ]
  ignore line: [COMPILER_PATH=/usr/libexec/gcc/x86_64-alt-linux/10/:/usr/libexec/gcc/x86_64-alt-linux/10/:/usr/libexec/gcc/x86_64-alt-linux/:/usr/lib64/gcc/x86_64-alt-linux/10/:/usr/lib64/gcc/x86_64-alt-linux/]
  ignore line: [LIBRARY_PATH=/usr/lib64/gcc/x86_64-alt-linux/10/:/usr/lib64/gcc/x86_64-alt-linux/10/../../../../lib64/:/lib/../lib64/:/usr/lib/../lib64/:/usr/lib64/gcc/x86_64-alt-linux/10/../../../:/lib/:/usr/lib/]
  ignore line: [COLLECT_GCC_OPTIONS='-v' '-rdynamic' '-o' 'cmTC_143ab' '-shared-libgcc' '-mtune=generic' '-march=x86-64']
  link line: [ /usr/libexec/gcc/x86_64-alt-linux/10/collect2 -plugin /usr/libexec/gcc/x86_64-alt-linux/10/liblto_plugin.so -plugin-opt=/usr/libexec/gcc/x86_64-alt-linux/10/lto-wrapper -plugin-opt=-fresolution=/tmp/.private/nikita/cceG4hLT.res -plugin-opt=-pass-through=-lgcc_s -plugin-opt=-pass-through=-lgcc -plugin-opt=-pass-through=-lc -plugin-opt=-pass-through=-lgcc_s -plugin-opt=-pass-through=-lgcc --build-id --no-add-needed --eh-frame-hdr --hash-style=gnu --as-needed -m elf_x86_64 -export-dynamic -dynamic-linker /lib64/ld-linux-x86-64.so.2 -pie -z now -o cmTC_143ab /usr/lib64/gcc/x86_64-alt-linux/10/../../../../lib64/Scrt1.o /usr/lib64/gcc/x86_64-alt-linux/10/../../../../lib64/crti.o /usr/lib64/gcc/x86_64-alt-linux/10/crtbeginS.o -L/usr/lib64/gcc/x86_64-alt-linux/10 -L/usr/lib64/gcc/x86_64-alt-linux/10/../../../../lib64 -L/lib/../lib64 -L/usr/lib/../lib64 -L/usr/lib64/gcc/x86_64-alt-linux/10/../../.. CMakeFiles/cmTC_143ab.dir/CMakeCXXCompilerABI.cpp.o -lstdc++ -lm -lgcc_s -lgcc -lc -lgcc_s -lgcc /usr/lib64/gcc/x86_64-alt-linux/10/crtendS.o /usr/lib64/gcc/x86_64-alt-linux/10/../../../../lib64/crtn.o]
    arg [/usr/libexec/gcc/x86_64-alt-linux/10/collect2] ==> ignore
    arg [-plugin] ==> ignore
    arg [/usr/libexec/gcc/x86_64-alt-linux/10/liblto_plugin.so] ==> ignore
    arg [-plugin-opt=/usr/libexec/gcc/x86_64-alt-linux/10/lto-wrapper] ==> ignore
    arg [-plugin-opt=-fresolution=/tmp/.private/nikita/cceG4hLT.res] ==> ignore
    arg [-plugin-opt=-pass-through=-lgcc_s] ==> ignore
    arg [-plugin-opt=-pass-through=-lgcc] ==> ignore
    arg [-plugin-opt=-pass-through=-lc] ==> ignore
    arg [-plugin-opt=-pass-through=-lgcc_s] ==> ignore
    arg [-plugin-opt=-pass-through=-lgcc] ==> ignore
    arg [--build-id] ==> ignore
    arg [--no-add-needed] ==> ignore
    arg [--eh-frame-hdr] ==> ignore
    arg [--hash-style=gnu] ==> ignore
    arg [--as-needed] ==> ignore
    arg [-m] ==> ignore
    arg [elf_x86_64] ==> ignore
    arg [-export-dynamic] ==> ignore
    arg [-dynamic-linker] ==> ignore
    arg [/lib64/ld-linux-x86-64.so.2] ==> ignore
    arg [-pie] ==> ignore
    arg [-znow] ==> ignore
    arg [-o] ==> ignore
    arg [cmTC_143ab] ==> ignore
    arg [/usr/lib64/gcc/x86_64-alt-linux/10/../../../../lib64/Scrt1.o] ==> obj [/usr/lib64/gcc/x86_64-alt-linux/10/../../../../lib64/Scrt1.o]
    arg [/usr/lib64/gcc/x86_64-alt-linux/10/../../../../lib64/crti.o] ==> obj [/usr/lib64/gcc/x86_64-alt-linux/10/../../../../lib64/crti.o]
    arg [/usr/lib64/gcc/x86_64-alt-linux/10/crtbeginS.o] ==> obj [/usr/lib64/gcc/x86_64-alt-linux/10/crtbeginS.o]
    arg [-L/usr/lib64/gcc/x86_64-alt-linux/10] ==> dir [/usr/lib64/gcc/x86_64-alt-linux/10]
    arg [-L/usr/lib64/gcc/x86_64-alt-linux/10/../../../../lib64] ==> dir [/usr/lib64/gcc/x86_64-alt-linux/10/../../../../lib64]
    arg [-L/lib/../lib64] ==> dir [/lib/../lib64]
    arg [-L/usr/lib/../lib64] ==> dir [/usr/lib/../lib64]
    arg [-L/usr/lib64/gcc/x86_64-alt-linux/10/../../..] ==> dir [/usr/lib64/gcc/x86_64-alt-linux/10/../../..]
    arg [CMakeFiles/cmTC_143ab.dir/CMakeCXXCompilerABI.cpp.o] ==> ignore
    arg [-lstdc++] ==> lib [stdc++]
    arg [-lm] ==> lib [m]
    arg [-lgcc_s] ==> lib [gcc_s]
    arg [-lgcc] ==> lib [gcc]
    arg [-lc] ==> lib [c]
    arg [-lgcc_s] ==> lib [gcc_s]
    arg [-lgcc] ==> lib [gcc]
    arg [/usr/lib64/gcc/x86_64-alt-linux/10/crtendS.o] ==> obj [/usr/lib64/gcc/x86_64-alt-linux/10/crtendS.o]
    arg [/usr/lib64/gcc/x86_64-alt-linux/10/../../../../lib64/crtn.o] ==> obj [/usr/lib64/gcc/x86_64-alt-linux/10/../../../../lib64/crtn.o]
  collapse obj [/usr/lib64/gcc/x86_64-alt-linux/10/../../../../lib64/Scrt1.o] ==> [/usr/lib64/Scrt1.o]
  collapse obj [/usr/lib64/gcc/x86_64-alt-linux/10/../../../../lib64/crti.o] ==> [/usr/lib64/crti.o]
  collapse obj [/usr/lib64/gcc/x86_64-alt-linux/10/../../../../lib64/crtn.o] ==> [/usr/lib64/crtn.o]
  collapse library dir [/usr/lib64/gcc/x86_64-alt-linux/10] ==> [/usr/lib64/gcc/x86_64-alt-linux/10]
  collapse library dir [/usr/lib64/gcc/x86_64-alt-linux/10/../../../../lib64] ==> [/usr/lib64]
  collapse library dir [/lib/../lib64] ==> [/lib64]
  collapse library dir [/usr/lib/../lib64] ==> [/usr/lib64]
  collapse library dir [/usr/lib64/gcc/x86_64-alt-linux/10/../../..] ==> [/usr/lib64]
  implicit libs: [stdc++;m;gcc_s;gcc;c;gcc_s;gcc]
  implicit objs: [/usr/lib64/Scrt1.o;/usr/lib64/crti.o;/usr/lib64/gcc/x86_64-alt-linux/10/crtbeginS.o;/usr/lib64/gcc/x86_64-alt-linux/10/crtendS.o;/usr/lib64/crtn.o]
  implicit dirs: [/usr/lib64/gcc/x86_64-alt-linux/10;/usr/lib64;/lib64]
  implicit fwks: []


Determining if the include file clocale exists passed with the following output:
Change Dir: /home/nikita/Рабочий стол/projectgit/DIPLOM/build/CMakeFiles/CMakeTmp

Run Build Command(s):/usr/bin/gmake -f Makefile cmTC_2e82b/fast && /usr/bin/gmake  -f CMakeFiles/cmTC_2e82b.dir/build.make CMakeFiles/cmTC_2e82b.dir/build
gmake[1]: вход в каталог «/home/nikita/Рабочий стол/projectgit/DIPLOM/build/CMakeFiles/CMakeTmp»
Building CXX object CMakeFiles/cmTC_2e82b.dir/CheckIncludeFile.cxx.o
/usr/bin/c++   -std=c++11 -o CMakeFiles/cmTC_2e82b.dir/CheckIncludeFile.cxx.o -c "/home/nikita/Рабочий стол/projectgit/DIPLOM/build/CMakeFiles/CMakeTmp/CheckIncludeFile.cxx"
Linking CXX executable cmTC_2e82b
/usr/bin/cmake -E cmake_link_script CMakeFiles/cmTC_2e82b.dir/link.txt --verbose=1
/usr/bin/c++ CMakeFiles/cmTC_2e82b.dir/CheckIncludeFile.cxx.o -o cmTC_2e82b 
gmake[1]: выход из каталога «/home/nikita/Рабочий стол/projectgit/DIPLOM/build/CMakeFiles/CMakeTmp»



Determining if the localeconv exist passed with the following output:
Change Dir: /home/nikita/Рабочий стол/projectgit/DIPLOM/build/CMakeFiles/CMakeTmp

Run Build Command(s):/usr/bin/gmake -f Makefile cmTC_5cffc/fast && /usr/bin/gmake  -f CMakeFiles/cmTC_5cffc.dir/build.make CMakeFiles/cmTC_5cffc.dir/build
gmake[1]: вход в каталог «/home/nikita/Рабочий стол/projectgit/DIPLOM/build/CMakeFiles/CMakeTmp»
Building CXX object CMakeFiles/cmTC_5cffc.dir/CheckSymbolExists.cxx.o
/usr/bin/c++   -std=c++11 -o CMakeFiles/cmTC_5cffc.dir/CheckSymbolExists.cxx.o -c "/home/nikita/Рабочий стол/projectgit/DIPLOM/build/CMakeFiles/CMakeTmp/CheckSymbolExists.cxx"
Linking CXX executable cmTC_5cffc
/usr/bin/cmake -E cmake_link_script CMakeFiles/cmTC_5cffc.dir/link.txt --verbose=1
/usr/bin/c++ CMakeFiles/cmTC_5cffc.dir/CheckSymbolExists.cxx.o -o cmTC_5cffc 
gmake[1]: выход из каталога «/home/nikita/Рабочий стол/projectgit/DIPLOM/build/CMakeFiles/CMakeTmp»


File /home/nikita/Рабочий стол/projectgit/DIPLOM/build/CMakeFiles/CMakeTmp/CheckSymbolExists.cxx:
/* */
#include <clocale>

int main(int argc, char** argv)
{
  (void)argv;
#ifndef localeconv
  return ((int*)(&localeconv))[argc];
#else
  (void)argc;
  return 0;
#endif
}
Determining if the include file sys/types.h exists passed with the following output:
Change Dir: /home/nikita/Рабочий стол/projectgit/DIPLOM/build/CMakeFiles/CMakeTmp

Run Build Command(s):/usr/bin/gmake -f Makefile cmTC_9ce80/fast && /usr/bin/gmake  -f CMakeFiles/cmTC_9ce80.dir/build.make CMakeFiles/cmTC_9ce80.dir/build
gmake[1]: вход в каталог «/home/nikita/Рабочий стол/projectgit/DIPLOM/build/CMakeFiles/CMakeTmp»
Building CXX object CMakeFiles/cmTC_9ce80.dir/CheckIncludeFile.cxx.o
/usr/bin/c++   -std=c++11 -o CMakeFiles/cmTC_9ce80.dir/CheckIncludeFile.cxx.o -c "/home/nikita/Рабочий стол/projectgit/DIPLOM/build/CMakeFiles/CMakeTmp/CheckIncludeFile.cxx"
Linking CXX executable cmTC_9ce80
/usr/bin/cmake -E cmake_link_script CMakeFiles/cmTC_9ce80.dir/link.txt --verbose=1
/usr/bin/c++ CMakeFiles/cmTC_9ce80.dir/CheckIncludeFile.cxx.o -o cmTC_9ce80 
gmake[1]: выход из каталога «/home/nikita/Рабочий стол/projectgit/DIPLOM/build/CMakeFiles/CMakeTmp»



Determining if the include file stdint.h exists passed with the following output:
Change Dir: /home/nikita/Рабочий стол/projectgit/DIPLOM/build/CMakeFiles/CMakeTmp

Run Build Command(s):/usr/bin/gmake -f Makefile cmTC_10769/fast && /usr/bin/gmake  -f CMakeFiles/cmTC_10769.dir/build.make CMakeFiles/cmTC_10769.dir/build
gmake[1]: вход в каталог «/home/nikita/Рабочий стол/projectgit/DIPLOM/build/CMakeFiles/CMakeTmp»
Building CXX object CMakeFiles/cmTC_10769.dir/CheckIncludeFile.cxx.o
/usr/bin/c++   -std=c++11 -o CMakeFiles/cmTC_10769.dir/CheckIncludeFile.cxx.o -c "/home/nikita/Рабочий стол/projectgit/DIPLOM/build/CMakeFiles/CMakeTmp/CheckIncludeFile.cxx"
Linking CXX executable cmTC_10769
/usr/bin/cmake -E cmake_link_script CMakeFiles/cmTC_10769.dir/link.txt --verbose=1
/usr/bin/c++ CMakeFiles/cmTC_10769.dir/CheckIncludeFile.cxx.o -o cmTC_10769 
gmake[1]: выход из каталога «/home/nikita/Рабочий стол/projectgit/DIPLOM/build/CMakeFiles/CMakeTmp»



Determining if the include file stddef.h exists passed with the following output:
Change Dir: /home/nikita/Рабочий стол/projectgit/DIPLOM/build/CMakeFiles/CMakeTmp

Run Build Command(s):/usr/bin/gmake -f Makefile cmTC_eed10/fast && /usr/bin/gmake  -f CMakeFiles/cmTC_eed10.dir/build.make CMakeFiles/cmTC_eed10.dir/build
gmake[1]: вход в каталог «/home/nikita/Рабочий стол/projectgit/DIPLOM/build/CMakeFiles/CMakeTmp»
Building CXX object CMakeFiles/cmTC_eed10.dir/CheckIncludeFile.cxx.o
/usr/bin/c++   -std=c++11 -o CMakeFiles/cmTC_eed10.dir/CheckIncludeFile.cxx.o -c "/home/nikita/Рабочий стол/projectgit/DIPLOM/build/CMakeFiles/CMakeTmp/CheckIncludeFile.cxx"
Linking CXX executable cmTC_eed10
/usr/bin/cmake -E cmake_link_script CMakeFiles/cmTC_eed10.dir/link.txt --verbose=1
/usr/bin/c++ CMakeFiles/cmTC_eed10.dir/CheckIncludeFile.cxx.o -o cmTC_eed10 
gmake[1]: выход из каталога «/home/nikita/Рабочий стол/projectgit/DIPLOM/build/CMakeFiles/CMakeTmp»



Determining size of lconv passed with the following output:
Change Dir: /home/nikita/Рабочий стол/projectgit/DIPLOM/build/CMakeFiles/CMakeTmp

Run Build Command(s):/usr/bin/gmake -f Makefile cmTC_3eb82/fast && /usr/bin/gmake  -f CMakeFiles/cmTC_3eb82.dir/build.make CMakeFiles/cmTC_3eb82.dir/build
gmake[1]: вход в каталог «/home/nikita/Рабочий стол/projectgit/DIPLOM/build/CMakeFiles/CMakeTmp»
Building CXX object CMakeFiles/cmTC_3eb82.dir/LCONV_SIZE.cpp.o
/usr/bin/c++   -std=c++11 -o CMakeFiles/cmTC_3eb82.dir/LCONV_SIZE.cpp.o -c "/home/nikita/Рабочий стол/projectgit/DIPLOM/build/CMakeFiles/CheckTypeSize/LCONV_SIZE.cpp"
Linking CXX executable cmTC_3eb82
/usr/bin/cmake -E cmake_link_script CMakeFiles/cmTC_3eb82.dir/link.txt --verbose=1
/usr/bin/c++ CMakeFiles/cmTC_3eb82.dir/LCONV_SIZE.cpp.o -o cmTC_3eb82 
gmake[1]: выход из каталога «/home/nikita/Рабочий стол/projectgit/DIPLOM/build/CMakeFiles/CMakeTmp»



Performing C++ SOURCE FILE Test HAVE_DECIMAL_POINT succeeded with the following output:
Change Dir: /home/nikita/Рабочий стол/projectgit/DIPLOM/build/CMakeFiles/CMakeTmp

Run Build Command(s):/usr/bin/gmake -f Makefile cmTC_b4988/fast && /usr/bin/gmake  -f CMakeFiles/cmTC_b4988.dir/build.make CMakeFiles/cmTC_b4988.dir/build
gmake[1]: вход в каталог «/home/nikita/Рабочий стол/projectgit/DIPLOM/build/CMakeFiles/CMakeTmp»
Building CXX object CMakeFiles/cmTC_b4988.dir/src.cxx.o
/usr/bin/c++ -DHAVE_DECIMAL_POINT  -std=c++11 -o CMakeFiles/cmTC_b4988.dir/src.cxx.o -c "/home/nikita/Рабочий стол/projectgit/DIPLOM/build/CMakeFiles/CMakeTmp/src.cxx"
Linking CXX executable cmTC_b4988
/usr/bin/cmake -E cmake_link_script CMakeFiles/cmTC_b4988.dir/link.txt --verbose=1
/usr/bin/c++ CMakeFiles/cmTC_b4988.dir/src.cxx.o -o cmTC_b4988 
gmake[1]: выход из каталога «/home/nikita/Рабочий стол/projectgit/DIPLOM/build/CMakeFiles/CMakeTmp»


Source file was:

#include <clocale>

int main()
{
  (void)sizeof(((lconv *)0)->decimal_point);
  return 0;
}

